Electric Version 8.05
--------------- 0 --------------
  Thu Feb 23 14:54:12 EST 2017
ProcessKeyBinding 401 when=1487879652234 modifiers=80 code=11 char=ffff false false
--------------- 1 --------------
  Thu Feb 23 14:54:12 EST 2017
ProcessKeyBinding 401 when=1487879652328 modifiers=80 code=4f char=f false false
--------------- 2 --------------
  Thu Feb 23 14:54:12 EST 2017
Menu Activated: File | Open Library...
--------------- 3 --------------
  Thu Feb 23 14:54:12 EST 2017
ProcessKeyBinding 400 when=1487879652328 modifiers=80 code=0 char=f false false
--------------- 4 --------------
  Thu Feb 23 14:54:17 EST 2017
ProcessKeyBinding 401 when=1487879657226 modifiers=80 code=11 char=ffff false false
--------------- 5 --------------
  Thu Feb 23 14:54:17 EST 2017
ProcessKeyBinding 401 when=1487879657664 modifiers=80 code=11 char=ffff false false
--------------- 6 --------------
  Thu Feb 23 14:54:17 EST 2017
ProcessKeyBinding 401 when=1487879657680 modifiers=80 code=11 char=ffff false false
--------------- 7 --------------
  Thu Feb 23 14:54:17 EST 2017
ProcessKeyBinding 401 when=1487879657711 modifiers=80 code=11 char=ffff false false
--------------- 8 --------------
  Thu Feb 23 14:54:17 EST 2017
ProcessKeyBinding 401 when=1487879657726 modifiers=80 code=11 char=ffff false false
--------------- 9 --------------
  Thu Feb 23 14:54:17 EST 2017
ProcessKeyBinding 401 when=1487879657758 modifiers=80 code=11 char=ffff false false
--------------- 10 --------------
  Thu Feb 23 14:54:17 EST 2017
ProcessKeyBinding 401 when=1487879657789 modifiers=80 code=11 char=ffff false false
--------------- 11 --------------
  Thu Feb 23 14:54:17 EST 2017
ProcessKeyBinding 401 when=1487879657805 modifiers=80 code=11 char=ffff false false
--------------- 12 --------------
  Thu Feb 23 14:54:17 EST 2017
ProcessKeyBinding 401 when=1487879657836 modifiers=80 code=11 char=ffff false false
--------------- 13 --------------
  Thu Feb 23 14:54:17 EST 2017
ProcessKeyBinding 401 when=1487879657851 modifiers=80 code=11 char=ffff false false
--------------- 14 --------------
  Thu Feb 23 14:54:17 EST 2017
ProcessKeyBinding 401 when=1487879657883 modifiers=80 code=11 char=ffff false false
--------------- 15 --------------
  Thu Feb 23 14:54:17 EST 2017
ProcessKeyBinding 401 when=1487879657898 modifiers=80 code=11 char=ffff false false
--------------- 16 --------------
  Thu Feb 23 14:54:17 EST 2017
ProcessKeyBinding 401 when=1487879657930 modifiers=80 code=11 char=ffff false false
--------------- 17 --------------
  Thu Feb 23 14:54:17 EST 2017
ProcessKeyBinding 401 when=1487879657945 modifiers=80 code=11 char=ffff false false
--------------- 18 --------------
  Thu Feb 23 14:54:17 EST 2017
ProcessKeyBinding 401 when=1487879657976 modifiers=80 code=11 char=ffff false false
--------------- 19 --------------
  Thu Feb 23 14:54:17 EST 2017
ProcessKeyBinding 401 when=1487879657992 modifiers=80 code=11 char=ffff false false
--------------- 20 --------------
  Thu Feb 23 14:54:18 EST 2017
ProcessKeyBinding 401 when=1487879658023 modifiers=80 code=11 char=ffff false false
--------------- 21 --------------
  Thu Feb 23 14:54:18 EST 2017
ProcessKeyBinding 401 when=1487879658054 modifiers=80 code=11 char=ffff false false
--------------- 22 --------------
  Thu Feb 23 14:54:18 EST 2017
ProcessKeyBinding 401 when=1487879658070 modifiers=80 code=11 char=ffff false false
--------------- 23 --------------
  Thu Feb 23 14:54:18 EST 2017
ProcessKeyBinding 401 when=1487879658101 modifiers=80 code=11 char=ffff false false
--------------- 24 --------------
  Thu Feb 23 14:54:18 EST 2017
ProcessKeyBinding 401 when=1487879658117 modifiers=80 code=11 char=ffff false false
--------------- 25 --------------
  Thu Feb 23 14:54:18 EST 2017
ProcessKeyBinding 401 when=1487879658148 modifiers=80 code=11 char=ffff false false
--------------- 26 --------------
  Thu Feb 23 14:54:18 EST 2017
ProcessKeyBinding 401 when=1487879658164 modifiers=80 code=11 char=ffff false false
--------------- 27 --------------
  Thu Feb 23 14:54:18 EST 2017
ProcessKeyBinding 401 when=1487879658195 modifiers=80 code=11 char=ffff false false
--------------- 28 --------------
  Thu Feb 23 14:54:18 EST 2017
ProcessKeyBinding 401 when=1487879658211 modifiers=80 code=11 char=ffff false false
--------------- 29 --------------
  Thu Feb 23 14:54:18 EST 2017
ProcessKeyBinding 401 when=1487879658242 modifiers=80 code=11 char=ffff false false
--------------- 30 --------------
  Thu Feb 23 14:54:18 EST 2017
ProcessKeyBinding 401 when=1487879658258 modifiers=80 code=11 char=ffff false false
--------------- 31 --------------
  Thu Feb 23 14:54:18 EST 2017
ProcessKeyBinding 401 when=1487879658289 modifiers=80 code=11 char=ffff false false
--------------- 32 --------------
  Thu Feb 23 14:54:18 EST 2017
ProcessKeyBinding 401 when=1487879658305 modifiers=80 code=11 char=ffff false false
--------------- 33 --------------
  Thu Feb 23 14:54:18 EST 2017
ProcessKeyBinding 401 when=1487879658336 modifiers=80 code=11 char=ffff false false
--------------- 34 --------------
  Thu Feb 23 14:54:18 EST 2017
ProcessKeyBinding 401 when=1487879658367 modifiers=80 code=11 char=ffff false false
--------------- 35 --------------
  Thu Feb 23 14:54:18 EST 2017
ProcessKeyBinding 401 when=1487879658383 modifiers=80 code=11 char=ffff false false
--------------- 36 --------------
  Thu Feb 23 14:54:18 EST 2017
ProcessKeyBinding 401 when=1487879658414 modifiers=80 code=11 char=ffff false false
--------------- 37 --------------
  Thu Feb 23 14:54:18 EST 2017
ProcessKeyBinding 401 when=1487879658430 modifiers=80 code=11 char=ffff false false
--------------- 38 --------------
  Thu Feb 23 14:54:18 EST 2017
ProcessKeyBinding 401 when=1487879658461 modifiers=80 code=11 char=ffff false false
--------------- 39 --------------
  Thu Feb 23 14:54:18 EST 2017
ProcessKeyBinding 401 when=1487879658476 modifiers=80 code=11 char=ffff false false
--------------- 40 --------------
  Thu Feb 23 14:54:18 EST 2017
ProcessKeyBinding 401 when=1487879658508 modifiers=80 code=11 char=ffff false false
--------------- 41 --------------
  Thu Feb 23 14:54:18 EST 2017
ProcessKeyBinding 401 when=1487879658523 modifiers=80 code=11 char=ffff false false
--------------- 42 --------------
  Thu Feb 23 14:54:18 EST 2017
ProcessKeyBinding 402 when=1487879658555 modifiers=0 code=11 char=ffff false false
--------------- 43 --------------
  Thu Feb 23 14:54:18 EST 2017
ProcessKeyBinding 401 when=1487879658742 modifiers=0 code=20c char=ffff false false
--------------- 44 --------------
  Thu Feb 23 14:54:18 EST 2017
ProcessKeyBinding 402 when=1487879658914 modifiers=0 code=20c char=ffff false false
--------------- 45 --------------
  Thu Feb 23 14:54:21 EST 2017
ProcessKeyBinding 401 when=1487879661010 modifiers=80 code=11 char=ffff false false
--------------- 46 --------------
  Thu Feb 23 14:54:21 EST 2017
ProcessKeyBinding 402 when=1487879661322 modifiers=0 code=11 char=ffff false false
--------------- 47 --------------
  Thu Feb 23 14:54:23 EST 2017
ProcessKeyBinding 401 when=1487879663010 modifiers=80 code=11 char=ffff false false
--------------- 48 --------------
  Thu Feb 23 14:54:23 EST 2017
ProcessKeyBinding 401 when=1487879663135 modifiers=80 code=37 char=37(7) false false
--------------- 49 --------------
  Thu Feb 23 14:54:23 EST 2017
Menu Activated: Window | Zoom In
--------------- 50 --------------
  Thu Feb 23 14:54:23 EST 2017
ProcessKeyBinding 402 when=1487879663275 modifiers=80 code=37 char=37(7) false false
--------------- 51 --------------
  Thu Feb 23 14:54:24 EST 2017
ProcessKeyBinding 402 when=1487879664104 modifiers=0 code=11 char=ffff false false
--------------- 52 --------------
  Thu Feb 23 14:54:48 EST 2017
ProcessKeyBinding 401 when=1487879688913 modifiers=80 code=11 char=ffff false false
--------------- 53 --------------
  Thu Feb 23 14:54:48 EST 2017
ProcessKeyBinding 401 when=1487879688991 modifiers=80 code=55 char=15 false false
--------------- 54 --------------
  Thu Feb 23 14:54:48 EST 2017
Menu Activated: Cell | Up Hierarchy
--------------- 55 --------------
  Thu Feb 23 14:54:48 EST 2017
ProcessKeyBinding 400 when=1487879688991 modifiers=80 code=0 char=15 false false
--------------- 56 --------------
  Thu Feb 23 14:54:49 EST 2017
ProcessKeyBinding 402 when=1487879689069 modifiers=80 code=55 char=15 false false
--------------- 57 --------------
  Thu Feb 23 14:54:49 EST 2017
ProcessKeyBinding 402 when=1487879689476 modifiers=0 code=11 char=ffff false false
--------------- 58 --------------
  Thu Feb 23 14:54:51 EST 2017
ProcessKeyBinding 401 when=1487879691134 modifiers=80 code=11 char=ffff false false
--------------- 59 --------------
  Thu Feb 23 14:54:51 EST 2017
ProcessKeyBinding 401 when=1487879691259 modifiers=80 code=55 char=15 false false
--------------- 60 --------------
  Thu Feb 23 14:54:51 EST 2017
Menu Activated: Cell | Up Hierarchy
--------------- 61 --------------
  Thu Feb 23 14:54:51 EST 2017
ProcessKeyBinding 400 when=1487879691259 modifiers=80 code=0 char=15 false false
--------------- 62 --------------
  Thu Feb 23 14:54:51 EST 2017
ProcessKeyBinding 402 when=1487879691321 modifiers=80 code=55 char=15 false false
--------------- 63 --------------
  Thu Feb 23 14:54:51 EST 2017
ProcessKeyBinding 402 when=1487879691602 modifiers=0 code=11 char=ffff false false
--------------- 64 --------------
  Thu Feb 23 14:54:58 EST 2017
ProcessKeyBinding 401 when=1487879698526 modifiers=80 code=11 char=ffff false false
--------------- 65 --------------
  Thu Feb 23 14:54:58 EST 2017
ProcessKeyBinding 401 when=1487879698714 modifiers=80 code=37 char=37(7) false false
--------------- 66 --------------
  Thu Feb 23 14:54:58 EST 2017
Menu Activated: Window | Zoom In
--------------- 67 --------------
  Thu Feb 23 14:54:58 EST 2017
ProcessKeyBinding 402 when=1487879698792 modifiers=80 code=37 char=37(7) false false
--------------- 68 --------------
  Thu Feb 23 14:54:59 EST 2017
ProcessKeyBinding 401 when=1487879699276 modifiers=80 code=37 char=37(7) false false
--------------- 69 --------------
  Thu Feb 23 14:54:59 EST 2017
Menu Activated: Window | Zoom In
--------------- 70 --------------
  Thu Feb 23 14:54:59 EST 2017
ProcessKeyBinding 402 when=1487879699323 modifiers=80 code=37 char=37(7) false false
--------------- 71 --------------
  Thu Feb 23 14:54:59 EST 2017
ProcessKeyBinding 402 when=1487879699605 modifiers=0 code=11 char=ffff false false
--------------- 72 --------------
  Thu Feb 23 14:55:00 EST 2017
ProcessKeyBinding 401 when=1487879700686 modifiers=0 code=50 char=70(p) false false
--------------- 73 --------------
  Thu Feb 23 14:55:00 EST 2017
Menu Activated: Edit | Modes | Edit | Toggle Pan
--------------- 74 --------------
  Thu Feb 23 14:55:00 EST 2017
ProcessKeyBinding 400 when=1487879700686 modifiers=0 code=0 char=70(p) false false
--------------- 75 --------------
  Thu Feb 23 14:55:00 EST 2017
ProcessKeyBinding 402 when=1487879700764 modifiers=0 code=50 char=70(p) false false
--------------- 76 --------------
  Thu Feb 23 14:56:05 EST 2017
ProcessKeyBinding 401 when=1487879765905 modifiers=0 code=50 char=70(p) false false
--------------- 77 --------------
  Thu Feb 23 14:56:05 EST 2017
Menu Activated: Edit | Modes | Edit | Toggle Pan
--------------- 78 --------------
  Thu Feb 23 14:56:05 EST 2017
ProcessKeyBinding 400 when=1487879765905 modifiers=0 code=0 char=70(p) false false
--------------- 79 --------------
  Thu Feb 23 14:56:05 EST 2017
ProcessKeyBinding 402 when=1487879765983 modifiers=0 code=50 char=70(p) false false
--------------- 80 --------------
  Thu Feb 23 14:56:07 EST 2017
ProcessKeyBinding 401 when=1487879767139 modifiers=80 code=11 char=ffff false false
--------------- 81 --------------
  Thu Feb 23 14:56:07 EST 2017
ProcessKeyBinding 401 when=1487879767264 modifiers=80 code=44 char=4 false false
--------------- 82 --------------
  Thu Feb 23 14:56:07 EST 2017
Menu Activated: Cell | Down Hierarchy | Down Hierarchy
Currently highlighted: 
    com.sun.electric.tool.user.HighlightEOBJ in cell 'arch_2bus{sch}': , 'ALU{ic}[ALU@0].o[31:0]'
--------------- 83 --------------
  Thu Feb 23 14:56:07 EST 2017
ProcessKeyBinding 400 when=1487879767264 modifiers=80 code=0 char=4 false false
--------------- 84 --------------
  Thu Feb 23 14:56:07 EST 2017
ProcessKeyBinding 402 when=1487879767358 modifiers=80 code=44 char=4 false false
--------------- 85 --------------
  Thu Feb 23 14:56:07 EST 2017
ProcessKeyBinding 402 when=1487879767389 modifiers=0 code=11 char=ffff false false
--------------- 86 --------------
  Thu Feb 23 14:56:08 EST 2017
ProcessKeyBinding 401 when=1487879768374 modifiers=0 code=50 char=70(p) false false
--------------- 87 --------------
  Thu Feb 23 14:56:08 EST 2017
Menu Activated: Edit | Modes | Edit | Toggle Pan
Currently highlighted: 
    com.sun.electric.tool.user.HighlightEOBJ in cell 'ALU{sch}': , 'Bus_Pin[pin@4].bus'
--------------- 88 --------------
  Thu Feb 23 14:56:08 EST 2017
ProcessKeyBinding 400 when=1487879768374 modifiers=0 code=0 char=70(p) false false
--------------- 89 --------------
  Thu Feb 23 14:56:08 EST 2017
ProcessKeyBinding 402 when=1487879768421 modifiers=0 code=50 char=70(p) false false
--------------- 90 --------------
  Thu Feb 23 14:56:47 EST 2017
ProcessKeyBinding 401 when=1487879807705 modifiers=80 code=11 char=ffff false false
--------------- 91 --------------
  Thu Feb 23 14:56:47 EST 2017
ProcessKeyBinding 401 when=1487879807736 modifiers=80 code=55 char=15 false false
--------------- 92 --------------
  Thu Feb 23 14:56:47 EST 2017
Menu Activated: Cell | Up Hierarchy
Currently highlighted: 
    com.sun.electric.tool.user.HighlightEOBJ in cell 'ALU{sch}': , 'Bus_Pin[pin@4].bus'
--------------- 93 --------------
  Thu Feb 23 14:56:47 EST 2017
ProcessKeyBinding 400 when=1487879807736 modifiers=80 code=0 char=15 false false
--------------- 94 --------------
  Thu Feb 23 14:56:47 EST 2017
ProcessKeyBinding 402 when=1487879807815 modifiers=80 code=55 char=15 false false
--------------- 95 --------------
  Thu Feb 23 14:56:48 EST 2017
ProcessKeyBinding 402 when=1487879808018 modifiers=0 code=11 char=ffff false false
--------------- 96 --------------
  Thu Feb 23 14:56:49 EST 2017
ProcessKeyBinding 401 when=1487879809518 modifiers=80 code=11 char=ffff false false
--------------- 97 --------------
  Thu Feb 23 14:56:49 EST 2017
ProcessKeyBinding 401 when=1487879809612 modifiers=80 code=30 char=30(0) false false
--------------- 98 --------------
  Thu Feb 23 14:56:49 EST 2017
Menu Activated: Window | Zoom Out
Currently highlighted: 
    com.sun.electric.tool.user.HighlightEOBJ in cell 'arch_2bus{sch}': , 'ALU{ic}[ALU@0].o[31:0]'
--------------- 99 --------------
  Thu Feb 23 14:56:49 EST 2017
ProcessKeyBinding 402 when=1487879809721 modifiers=80 code=30 char=30(0) false false
--------------- 100 --------------
  Thu Feb 23 14:56:49 EST 2017
ProcessKeyBinding 402 when=1487879809737 modifiers=0 code=11 char=ffff false false
--------------- 101 --------------
  Thu Feb 23 14:56:50 EST 2017
ProcessKeyBinding 401 when=1487879810143 modifiers=0 code=50 char=70(p) false false
--------------- 102 --------------
  Thu Feb 23 14:56:50 EST 2017
Menu Activated: Edit | Modes | Edit | Toggle Pan
Currently highlighted: 
    com.sun.electric.tool.user.HighlightEOBJ in cell 'arch_2bus{sch}': , 'ALU{ic}[ALU@0].o[31:0]'
--------------- 103 --------------
  Thu Feb 23 14:56:50 EST 2017
ProcessKeyBinding 400 when=1487879810143 modifiers=0 code=0 char=70(p) false false
--------------- 104 --------------
  Thu Feb 23 14:56:50 EST 2017
ProcessKeyBinding 402 when=1487879810221 modifiers=0 code=50 char=70(p) false false
--------------- 105 --------------
  Thu Feb 23 14:56:52 EST 2017
ProcessKeyBinding 401 when=1487879812035 modifiers=0 code=50 char=70(p) false false
--------------- 106 --------------
  Thu Feb 23 14:56:52 EST 2017
Menu Activated: Edit | Modes | Edit | Toggle Pan
--------------- 107 --------------
  Thu Feb 23 14:56:52 EST 2017
ProcessKeyBinding 400 when=1487879812035 modifiers=0 code=0 char=70(p) false false
--------------- 108 --------------
  Thu Feb 23 14:56:52 EST 2017
ProcessKeyBinding 402 when=1487879812082 modifiers=0 code=50 char=70(p) false false
--------------- 109 --------------
  Thu Feb 23 15:05:12 EST 2017
ProcessKeyBinding 401 when=1487880312895 modifiers=0 code=50 char=70(p) false false
--------------- 110 --------------
  Thu Feb 23 15:05:12 EST 2017
Menu Activated: Edit | Modes | Edit | Toggle Pan
--------------- 111 --------------
  Thu Feb 23 15:05:12 EST 2017
ProcessKeyBinding 400 when=1487880312895 modifiers=0 code=0 char=70(p) false false
--------------- 112 --------------
  Thu Feb 23 15:05:13 EST 2017
ProcessKeyBinding 402 when=1487880313004 modifiers=0 code=50 char=70(p) false false
--------------- 113 --------------
  Thu Feb 23 15:05:14 EST 2017
ProcessKeyBinding 401 when=1487880314098 modifiers=0 code=50 char=70(p) false false
--------------- 114 --------------
  Thu Feb 23 15:05:14 EST 2017
Menu Activated: Edit | Modes | Edit | Toggle Pan
Currently highlighted: 
    com.sun.electric.tool.user.HighlightEOBJ in cell 'arch_2bus{sch}': , 'tri32bit{ic}[tri32bit@6].en'
--------------- 115 --------------
  Thu Feb 23 15:05:14 EST 2017
ProcessKeyBinding 400 when=1487880314098 modifiers=0 code=0 char=70(p) false false
--------------- 116 --------------
  Thu Feb 23 15:05:14 EST 2017
ProcessKeyBinding 402 when=1487880314207 modifiers=0 code=50 char=70(p) false false
--------------- 117 --------------
  Thu Feb 23 15:05:18 EST 2017
ProcessKeyBinding 401 when=1487880318412 modifiers=0 code=50 char=70(p) false false
--------------- 118 --------------
  Thu Feb 23 15:05:18 EST 2017
Menu Activated: Edit | Modes | Edit | Toggle Pan
Currently highlighted: 
    com.sun.electric.tool.user.HighlightEOBJ in cell 'arch_2bus{sch}': , 'tri32bit{ic}[tri32bit@6].en'
--------------- 119 --------------
  Thu Feb 23 15:05:18 EST 2017
ProcessKeyBinding 400 when=1487880318412 modifiers=0 code=0 char=70(p) false false
--------------- 120 --------------
  Thu Feb 23 15:05:18 EST 2017
ProcessKeyBinding 402 when=1487880318553 modifiers=0 code=50 char=70(p) false false
--------------- 121 --------------
  Thu Feb 23 15:05:19 EST 2017
ProcessKeyBinding 401 when=1487880319569 modifiers=80 code=11 char=ffff false false
--------------- 122 --------------
  Thu Feb 23 15:05:20 EST 2017
ProcessKeyBinding 401 when=1487880320022 modifiers=80 code=11 char=ffff false false
--------------- 123 --------------
  Thu Feb 23 15:05:20 EST 2017
ProcessKeyBinding 401 when=1487880320038 modifiers=80 code=11 char=ffff false false
--------------- 124 --------------
  Thu Feb 23 15:05:20 EST 2017
ProcessKeyBinding 401 when=1487880320069 modifiers=80 code=11 char=ffff false false
--------------- 125 --------------
  Thu Feb 23 15:05:20 EST 2017
ProcessKeyBinding 401 when=1487880320084 modifiers=80 code=11 char=ffff false false
--------------- 126 --------------
  Thu Feb 23 15:05:20 EST 2017
ProcessKeyBinding 401 when=1487880320116 modifiers=80 code=11 char=ffff false false
--------------- 127 --------------
  Thu Feb 23 15:05:20 EST 2017
ProcessKeyBinding 401 when=1487880320131 modifiers=80 code=11 char=ffff false false
--------------- 128 --------------
  Thu Feb 23 15:05:20 EST 2017
ProcessKeyBinding 401 when=1487880320163 modifiers=80 code=11 char=ffff false false
--------------- 129 --------------
  Thu Feb 23 15:05:20 EST 2017
ProcessKeyBinding 401 when=1487880320194 modifiers=80 code=11 char=ffff false false
--------------- 130 --------------
  Thu Feb 23 15:05:20 EST 2017
ProcessKeyBinding 401 when=1487880320209 modifiers=80 code=11 char=ffff false false
--------------- 131 --------------
  Thu Feb 23 15:05:20 EST 2017
ProcessKeyBinding 401 when=1487880320241 modifiers=80 code=11 char=ffff false false
--------------- 132 --------------
  Thu Feb 23 15:05:20 EST 2017
ProcessKeyBinding 401 when=1487880320256 modifiers=80 code=11 char=ffff false false
--------------- 133 --------------
  Thu Feb 23 15:05:20 EST 2017
ProcessKeyBinding 401 when=1487880320288 modifiers=80 code=11 char=ffff false false
--------------- 134 --------------
  Thu Feb 23 15:05:20 EST 2017
ProcessKeyBinding 401 when=1487880320303 modifiers=80 code=11 char=ffff false false
--------------- 135 --------------
  Thu Feb 23 15:05:20 EST 2017
ProcessKeyBinding 401 when=1487880320334 modifiers=80 code=11 char=ffff false false
--------------- 136 --------------
  Thu Feb 23 15:05:20 EST 2017
ProcessKeyBinding 401 when=1487880320350 modifiers=80 code=11 char=ffff false false
--------------- 137 --------------
  Thu Feb 23 15:05:20 EST 2017
ProcessKeyBinding 401 when=1487880320381 modifiers=80 code=11 char=ffff false false
--------------- 138 --------------
  Thu Feb 23 15:05:20 EST 2017
ProcessKeyBinding 401 when=1487880320397 modifiers=80 code=11 char=ffff false false
--------------- 139 --------------
  Thu Feb 23 15:05:20 EST 2017
ProcessKeyBinding 401 when=1487880320430 modifiers=80 code=11 char=ffff false false
--------------- 140 --------------
  Thu Feb 23 15:05:20 EST 2017
ProcessKeyBinding 401 when=1487880320445 modifiers=80 code=11 char=ffff false false
--------------- 141 --------------
  Thu Feb 23 15:05:20 EST 2017
ProcessKeyBinding 401 when=1487880320476 modifiers=80 code=11 char=ffff false false
--------------- 142 --------------
  Thu Feb 23 15:05:20 EST 2017
ProcessKeyBinding 401 when=1487880320508 modifiers=80 code=11 char=ffff false false
--------------- 143 --------------
  Thu Feb 23 15:05:20 EST 2017
ProcessKeyBinding 401 when=1487880320523 modifiers=80 code=11 char=ffff false false
--------------- 144 --------------
  Thu Feb 23 15:05:20 EST 2017
ProcessKeyBinding 401 when=1487880320555 modifiers=80 code=11 char=ffff false false
--------------- 145 --------------
  Thu Feb 23 15:05:20 EST 2017
ProcessKeyBinding 401 when=1487880320570 modifiers=80 code=11 char=ffff false false
--------------- 146 --------------
  Thu Feb 23 15:05:20 EST 2017
ProcessKeyBinding 401 when=1487880320601 modifiers=80 code=11 char=ffff false false
--------------- 147 --------------
  Thu Feb 23 15:05:20 EST 2017
ProcessKeyBinding 401 when=1487880320617 modifiers=80 code=11 char=ffff false false
--------------- 148 --------------
  Thu Feb 23 15:05:20 EST 2017
ProcessKeyBinding 401 when=1487880320648 modifiers=80 code=11 char=ffff false false
--------------- 149 --------------
  Thu Feb 23 15:05:20 EST 2017
ProcessKeyBinding 401 when=1487880320664 modifiers=80 code=11 char=ffff false false
--------------- 150 --------------
  Thu Feb 23 15:05:20 EST 2017
ProcessKeyBinding 401 when=1487880320680 modifiers=80 code=44 char=4 false false
--------------- 151 --------------
  Thu Feb 23 15:05:20 EST 2017
Menu Activated: Cell | Down Hierarchy | Down Hierarchy
Currently highlighted: 
    com.sun.electric.tool.user.HighlightEOBJ in cell 'arch_2bus{sch}': , 'ALU{ic}[ALU@0].op[6:0]'
--------------- 152 --------------
  Thu Feb 23 15:05:20 EST 2017
ProcessKeyBinding 400 when=1487880320680 modifiers=80 code=0 char=4 false false
--------------- 153 --------------
  Thu Feb 23 15:05:20 EST 2017
ProcessKeyBinding 402 when=1487880320742 modifiers=80 code=44 char=4 false false
--------------- 154 --------------
  Thu Feb 23 15:05:21 EST 2017
ProcessKeyBinding 402 when=1487880321070 modifiers=0 code=11 char=ffff false false
--------------- 155 --------------
  Thu Feb 23 15:05:22 EST 2017
ProcessKeyBinding 401 when=1487880322070 modifiers=0 code=50 char=70(p) false false
--------------- 156 --------------
  Thu Feb 23 15:05:22 EST 2017
Menu Activated: Edit | Modes | Edit | Toggle Pan
Currently highlighted: 
    com.sun.electric.tool.user.HighlightEOBJ in cell 'ALU{sch}': , 'Bus_Pin[pin@40].bus'
--------------- 157 --------------
  Thu Feb 23 15:05:22 EST 2017
ProcessKeyBinding 400 when=1487880322070 modifiers=0 code=0 char=70(p) false false
--------------- 158 --------------
  Thu Feb 23 15:05:22 EST 2017
ProcessKeyBinding 402 when=1487880322117 modifiers=0 code=50 char=70(p) false false
--------------- 159 --------------
  Thu Feb 23 15:26:30 EST 2017
ProcessKeyBinding 401 when=1487881590063 modifiers=200 code=12 char=ffff false false
--------------- 160 --------------
  Thu Feb 23 15:28:57 EST 2017
ProcessKeyBinding 401 when=1487881737911 modifiers=200 code=12 char=ffff false false
